[debug] [2023-02-16T05:42:02.326Z] ----------------------------------------------------------------------
[debug] [2023-02-16T05:42:02.330Z] Command:       /Users/ntrobot/.nvm/versions/node/v19.6.0/bin/node /usr/local/bin/firebase emulators:start --project demo-test
[debug] [2023-02-16T05:42:02.331Z] CLI Version:   10.1.2
[debug] [2023-02-16T05:42:02.331Z] Platform:      darwin
[debug] [2023-02-16T05:42:02.331Z] Node Version:  v19.6.0
[debug] [2023-02-16T05:42:02.331Z] Time:          Thu Feb 16 2023 14:42:02 GMT+0900 (Japan Standard Time)
[debug] [2023-02-16T05:42:02.332Z] ----------------------------------------------------------------------
[debug] 
[debug] [2023-02-16T05:42:02.410Z] > command requires scopes: ["email","openid","https://www.googleapis.com/auth/cloudplatformprojects.readonly","https://www.googleapis.com/auth/firebase","https://www.googleapis.com/auth/cloud-platform"]
[debug] [2023-02-16T05:42:02.411Z] > authorizing via signed-in user (ntrobotshu@gmail.com)
[info] i  emulators: Starting emulators: auth {"metadata":{"emulator":{"name":"hub"},"message":"Starting emulators: auth"}}
[info] i  emulators: Detected demo project ID "demo-test", emulated services will use a demo configuration and attempts to access non-emulated services for this project will fail. {"metadata":{"emulator":{"name":"hub"},"message":"Detected demo project ID \"demo-test\", emulated services will use a demo configuration and attempts to access non-emulated services for this project will fail."}}
[debug] [2023-02-16T05:42:02.437Z] [hub] writing locator at /var/folders/24/k0kvwx5x3fq1qrb8d0ypwpg00000gn/T/hub-demo-test.json
[debug] [2023-02-16T05:42:13.374Z] Ignoring unsupported arg: auto_download {"metadata":{"emulator":{"name":"ui"},"message":"Ignoring unsupported arg: auto_download"}}
[debug] [2023-02-16T05:42:13.374Z] Ignoring unsupported arg: port {"metadata":{"emulator":{"name":"ui"},"message":"Ignoring unsupported arg: port"}}
[debug] [2023-02-16T05:42:13.374Z] Starting Emulator UI with command {"binary":"node","args":["/Users/ntrobot/.cache/firebase/emulators/ui-v1.6.4/server.bundle.js"],"optionalArgs":[],"joinArgs":false} {"metadata":{"emulator":{"name":"ui"},"message":"Starting Emulator UI with command {\"binary\":\"node\",\"args\":[\"/Users/ntrobot/.cache/firebase/emulators/ui-v1.6.4/server.bundle.js\"],\"optionalArgs\":[],\"joinArgs\":false}"}}
[info] i  ui: Emulator UI logging to ui-debug.log {"metadata":{"emulator":{"name":"ui"},"message":"Emulator UI logging to \u001b[1mui-debug.log\u001b[22m"}}
[debug] [2023-02-16T05:42:13.556Z] Web / API server started at localhost:4000
 {"metadata":{"emulator":{"name":"ui"},"message":"Web / API server started at localhost:4000\n"}}
[info] 
┌─────────────────────────────────────────────────────────────┐
│ ✔  All emulators ready! It is now safe to connect your app. │
│ i  View Emulator UI at http://localhost:4000                │
└─────────────────────────────────────────────────────────────┘

┌────────────────┬────────────────┬────────────────────────────┐
│ Emulator       │ Host:Port      │ View in Emulator UI        │
├────────────────┼────────────────┼────────────────────────────┤
│ Authentication │ localhost:9099 │ http://localhost:4000/auth │
└────────────────┴────────────────┴────────────────────────────┘
  Emulator Hub running at localhost:4400
  Other reserved ports: 4500

Issues? Report them at https://github.com/firebase/firebase-tools/issues and attach the *-debug.log files.
 
